<?xml version="1.0" encoding="UTF-8"?>
<coverage generated="1676450220860" clover="3.2.0">
  <project timestamp="1676450220860" name="All files">
    <metrics statements="40" coveredstatements="36" conditionals="21" coveredconditionals="17" methods="12" coveredmethods="12" elements="73" coveredelements="65" complexity="0" loc="40" ncloc="40" packages="2" files="4" classes="4"/>
    <package name="src">
      <metrics statements="27" coveredstatements="25" conditionals="14" coveredconditionals="11" methods="7" coveredmethods="7"/>
      <file name="getTree.js" path="/Users/daniil/Desktop/work/frontend-project-46/src/getTree.js">
        <metrics statements="12" coveredstatements="11" conditionals="10" coveredconditionals="8" methods="2" coveredmethods="2"/>
        <line num="4" count="2" type="stmt"/>
        <line num="6" count="2" type="stmt"/>
        <line num="7" count="10" type="cond" truecount="2" falsecount="0"/>
        <line num="8" count="4" type="stmt"/>
        <line num="14" count="6" type="cond" truecount="2" falsecount="0"/>
        <line num="15" count="2" type="stmt"/>
        <line num="21" count="4" type="cond" truecount="2" falsecount="2"/>
        <line num="22" count="0" type="stmt"/>
        <line num="28" count="4" type="cond" truecount="2" falsecount="0"/>
        <line num="29" count="2" type="stmt"/>
        <line num="36" count="2" type="stmt"/>
        <line num="43" count="2" type="stmt"/>
      </file>
      <file name="index.js" path="/Users/daniil/Desktop/work/frontend-project-46/src/index.js">
        <metrics statements="15" coveredstatements="14" conditionals="4" coveredconditionals="3" methods="5" coveredmethods="5"/>
        <line num="8" count="4" type="stmt"/>
        <line num="10" count="4" type="stmt"/>
        <line num="12" count="4" type="stmt"/>
        <line num="15" count="4" type="cond" truecount="2" falsecount="1"/>
        <line num="17" count="2" type="stmt"/>
        <line num="19" count="2" type="stmt"/>
        <line num="21" count="0" type="stmt"/>
        <line num="26" count="2" type="stmt"/>
        <line num="27" count="2" type="stmt"/>
        <line num="29" count="2" type="stmt"/>
        <line num="30" count="2" type="stmt"/>
        <line num="32" count="2" type="stmt"/>
        <line num="33" count="2" type="stmt"/>
        <line num="35" count="2" type="stmt"/>
        <line num="40" count="2" type="stmt"/>
      </file>
    </package>
    <package name="src.format">
      <metrics statements="13" coveredstatements="11" conditionals="7" coveredconditionals="6" methods="5" coveredmethods="5"/>
      <file name="formatMain.js" path="/Users/daniil/Desktop/work/frontend-project-46/src/format/formatMain.js">
        <metrics statements="2" coveredstatements="2" conditionals="1" coveredconditionals="1" methods="1" coveredmethods="1"/>
        <line num="4" count="2" type="cond" truecount="1" falsecount="0"/>
        <line num="6" count="2" type="stmt"/>
      </file>
      <file name="stylish.js" path="/Users/daniil/Desktop/work/frontend-project-46/src/format/stylish.js">
        <metrics statements="11" coveredstatements="9" conditionals="6" coveredconditionals="5" methods="4" coveredmethods="4"/>
        <line num="3" count="12" type="stmt"/>
        <line num="5" count="2" type="cond" truecount="1" falsecount="0"/>
        <line num="6" count="10" type="cond" truecount="4" falsecount="1"/>
        <line num="8" count="4" type="stmt"/>
        <line num="10" count="2" type="stmt"/>
        <line num="12" count="2" type="stmt"/>
        <line num="14" count="2" type="stmt"/>
        <line num="16" count="0" type="stmt"/>
        <line num="17" count="0" type="stmt"/>
        <line num="23" count="2" type="stmt"/>
        <line num="24" count="2" type="stmt"/>
      </file>
    </package>
  </project>
</coverage>
