<?xml version="1.0" encoding="UTF-8"?>
<coverage generated="1676451923066" clover="3.2.0">
  <project timestamp="1676451923066" name="All files">
    <metrics statements="43" coveredstatements="36" conditionals="24" coveredconditionals="16" methods="12" coveredmethods="12" elements="79" coveredelements="64" complexity="0" loc="43" ncloc="43" packages="2" files="4" classes="4"/>
    <package name="src">
      <metrics statements="28" coveredstatements="25" conditionals="15" coveredconditionals="11" methods="7" coveredmethods="7"/>
      <file name="getTree.js" path="/Users/daniil/Desktop/work/frontend-project-46/src/getTree.js">
        <metrics statements="12" coveredstatements="11" conditionals="10" coveredconditionals="8" methods="2" coveredmethods="2"/>
        <line num="4" count="2" type="stmt"/>
        <line num="6" count="2" type="stmt"/>
        <line num="7" count="10" type="cond" truecount="2" falsecount="0"/>
        <line num="8" count="4" type="stmt"/>
        <line num="14" count="6" type="cond" truecount="2" falsecount="0"/>
        <line num="15" count="2" type="stmt"/>
        <line num="21" count="4" type="cond" truecount="2" falsecount="2"/>
        <line num="22" count="0" type="stmt"/>
        <line num="28" count="4" type="cond" truecount="2" falsecount="0"/>
        <line num="29" count="2" type="stmt"/>
        <line num="36" count="2" type="stmt"/>
        <line num="43" count="2" type="stmt"/>
      </file>
      <file name="index.js" path="/Users/daniil/Desktop/work/frontend-project-46/src/index.js">
        <metrics statements="16" coveredstatements="14" conditionals="5" coveredconditionals="3" methods="5" coveredmethods="5"/>
        <line num="8" count="4" type="stmt"/>
        <line num="10" count="4" type="stmt"/>
        <line num="12" count="4" type="stmt"/>
        <line num="15" count="4" type="cond" truecount="2" falsecount="2"/>
        <line num="17" count="2" type="stmt"/>
        <line num="19" count="2" type="stmt"/>
        <line num="21" count="0" type="stmt"/>
        <line num="23" count="0" type="stmt"/>
        <line num="28" count="2" type="stmt"/>
        <line num="29" count="2" type="stmt"/>
        <line num="31" count="2" type="stmt"/>
        <line num="32" count="2" type="stmt"/>
        <line num="34" count="2" type="stmt"/>
        <line num="35" count="2" type="stmt"/>
        <line num="37" count="2" type="stmt"/>
        <line num="42" count="2" type="stmt"/>
      </file>
    </package>
    <package name="src.format">
      <metrics statements="15" coveredstatements="11" conditionals="9" coveredconditionals="5" methods="5" coveredmethods="5"/>
      <file name="formatMain.js" path="/Users/daniil/Desktop/work/frontend-project-46/src/format/formatMain.js">
        <metrics statements="3" coveredstatements="2" conditionals="2" coveredconditionals="1" methods="1" coveredmethods="1"/>
        <line num="4" count="2" type="cond" truecount="1" falsecount="1"/>
        <line num="6" count="2" type="stmt"/>
        <line num="8" count="0" type="stmt"/>
      </file>
      <file name="stylish.js" path="/Users/daniil/Desktop/work/frontend-project-46/src/format/stylish.js">
        <metrics statements="12" coveredstatements="9" conditionals="7" coveredconditionals="4" methods="4" coveredmethods="4"/>
        <line num="1" count="12" type="stmt"/>
        <line num="3" count="2" type="cond" truecount="0" falsecount="1"/>
        <line num="4" count="10" type="cond" truecount="4" falsecount="2"/>
        <line num="6" count="4" type="stmt"/>
        <line num="8" count="2" type="stmt"/>
        <line num="10" count="2" type="stmt"/>
        <line num="12" count="2" type="stmt"/>
        <line num="14" count="0" type="stmt"/>
        <line num="15" count="0" type="stmt"/>
        <line num="18" count="0" type="stmt"/>
        <line num="23" count="2" type="stmt"/>
        <line num="24" count="2" type="stmt"/>
      </file>
    </package>
  </project>
</coverage>
