{"/Users/daniil/Desktop/work/frontend-project-46/src/getTree.js": {"path":"/Users/daniil/Desktop/work/frontend-project-46/src/getTree.js","statementMap":{"0":{"start":{"line":4,"column":16},"end":{"line":4,"column":73}},"1":{"start":{"line":6,"column":17},"end":{"line":41,"column":4}},"2":{"start":{"line":7,"column":4},"end":{"line":13,"column":5}},"3":{"start":{"line":8,"column":6},"end":{"line":12,"column":8}},"4":{"start":{"line":14,"column":4},"end":{"line":20,"column":5}},"5":{"start":{"line":15,"column":6},"end":{"line":19,"column":8}},"6":{"start":{"line":21,"column":4},"end":{"line":27,"column":5}},"7":{"start":{"line":22,"column":6},"end":{"line":26,"column":8}},"8":{"start":{"line":28,"column":4},"end":{"line":35,"column":5}},"9":{"start":{"line":29,"column":6},"end":{"line":34,"column":8}},"10":{"start":{"line":36,"column":4},"end":{"line":40,"column":6}},"11":{"start":{"line":43,"column":2},"end":{"line":43,"column":16}}},"fnMap":{"0":{"name":"getTree","decl":{"start":{"line":3,"column":24},"end":{"line":3,"column":31}},"loc":{"start":{"line":3,"column":46},"end":{"line":44,"column":1}},"line":3},"1":{"name":"(anonymous_1)","decl":{"start":{"line":6,"column":27},"end":{"line":6,"column":28}},"loc":{"start":{"line":6,"column":36},"end":{"line":41,"column":3}},"line":6}},"branchMap":{"0":{"loc":{"start":{"line":7,"column":4},"end":{"line":13,"column":5}},"type":"if","locations":[{"start":{"line":7,"column":4},"end":{"line":13,"column":5}},{"start":{},"end":{}}],"line":7},"1":{"loc":{"start":{"line":14,"column":4},"end":{"line":20,"column":5}},"type":"if","locations":[{"start":{"line":14,"column":4},"end":{"line":20,"column":5}},{"start":{},"end":{}}],"line":14},"2":{"loc":{"start":{"line":21,"column":4},"end":{"line":27,"column":5}},"type":"if","locations":[{"start":{"line":21,"column":4},"end":{"line":27,"column":5}},{"start":{},"end":{}}],"line":21},"3":{"loc":{"start":{"line":21,"column":8},"end":{"line":21,"column":66}},"type":"binary-expr","locations":[{"start":{"line":21,"column":8},"end":{"line":21,"column":35}},{"start":{"line":21,"column":39},"end":{"line":21,"column":66}}],"line":21},"4":{"loc":{"start":{"line":28,"column":4},"end":{"line":35,"column":5}},"type":"if","locations":[{"start":{"line":28,"column":4},"end":{"line":35,"column":5}},{"start":{},"end":{}}],"line":28}},"s":{"0":1,"1":1,"2":5,"3":2,"4":3,"5":1,"6":2,"7":0,"8":2,"9":1,"10":1,"11":1},"f":{"0":1,"1":5},"b":{"0":[2,3],"1":[1,2],"2":[0,2],"3":[2,0],"4":[1,1]},"_coverageSchema":"1a1c01bbd47fc00a2c39e90264f33305004495a9","hash":"76dc43eb6ddab6a06b480056186853c80dd925f6"}
,"/Users/daniil/Desktop/work/frontend-project-46/src/index.js": {"path":"/Users/daniil/Desktop/work/frontend-project-46/src/index.js","statementMap":{"0":{"start":{"line":8,"column":20},"end":{"line":8,"column":50}},"1":{"start":{"line":8,"column":30},"end":{"line":8,"column":50}},"2":{"start":{"line":10,"column":17},"end":{"line":10,"column":57}},"3":{"start":{"line":10,"column":27},"end":{"line":10,"column":57}},"4":{"start":{"line":12,"column":18},"end":{"line":12,"column":54}},"5":{"start":{"line":12,"column":28},"end":{"line":12,"column":54}},"6":{"start":{"line":15,"column":2},"end":{"line":22,"column":3}},"7":{"start":{"line":17,"column":6},"end":{"line":17,"column":30}},"8":{"start":{"line":19,"column":6},"end":{"line":19,"column":29}},"9":{"start":{"line":21,"column":6},"end":{"line":21,"column":29}},"10":{"start":{"line":26,"column":20},"end":{"line":26,"column":42}},"11":{"start":{"line":27,"column":20},"end":{"line":27,"column":42}},"12":{"start":{"line":29,"column":20},"end":{"line":29,"column":39}},"13":{"start":{"line":30,"column":20},"end":{"line":30,"column":39}},"14":{"start":{"line":32,"column":22},"end":{"line":32,"column":42}},"15":{"start":{"line":33,"column":22},"end":{"line":33,"column":42}},"16":{"start":{"line":35,"column":19},"end":{"line":38,"column":3}},"17":{"start":{"line":40,"column":2},"end":{"line":40,"column":36}}},"fnMap":{"0":{"name":"(anonymous_0)","decl":{"start":{"line":8,"column":20},"end":{"line":8,"column":21}},"loc":{"start":{"line":8,"column":30},"end":{"line":8,"column":50}},"line":8},"1":{"name":"(anonymous_1)","decl":{"start":{"line":10,"column":17},"end":{"line":10,"column":18}},"loc":{"start":{"line":10,"column":27},"end":{"line":10,"column":57}},"line":10},"2":{"name":"(anonymous_2)","decl":{"start":{"line":12,"column":18},"end":{"line":12,"column":19}},"loc":{"start":{"line":12,"column":28},"end":{"line":12,"column":54}},"line":12},"3":{"name":"pars","decl":{"start":{"line":14,"column":9},"end":{"line":14,"column":13}},"loc":{"start":{"line":14,"column":28},"end":{"line":23,"column":1}},"line":14},"4":{"name":"gendeff","decl":{"start":{"line":25,"column":9},"end":{"line":25,"column":16}},"loc":{"start":{"line":25,"column":59},"end":{"line":41,"column":1}},"line":25}},"branchMap":{"0":{"loc":{"start":{"line":15,"column":2},"end":{"line":22,"column":3}},"type":"switch","locations":[{"start":{"line":16,"column":4},"end":{"line":17,"column":30}},{"start":{"line":18,"column":4},"end":{"line":19,"column":29}},{"start":{"line":20,"column":4},"end":{"line":21,"column":29}}],"line":15},"1":{"loc":{"start":{"line":25,"column":39},"end":{"line":25,"column":57}},"type":"default-arg","locations":[{"start":{"line":25,"column":48},"end":{"line":25,"column":57}}],"line":25}},"s":{"0":1,"1":2,"2":1,"3":2,"4":1,"5":2,"6":2,"7":2,"8":0,"9":0,"10":1,"11":1,"12":1,"13":1,"14":1,"15":1,"16":1,"17":1},"f":{"0":2,"1":2,"2":2,"3":2,"4":1},"b":{"0":[2,0,0],"1":[1]},"_coverageSchema":"1a1c01bbd47fc00a2c39e90264f33305004495a9","hash":"5606ab8f18052d5ab1c15d090275580fe82a0295"}
,"/Users/daniil/Desktop/work/frontend-project-46/src/format/formatMain.js": {"path":"/Users/daniil/Desktop/work/frontend-project-46/src/format/formatMain.js","statementMap":{"0":{"start":{"line":4,"column":2},"end":{"line":7,"column":3}},"1":{"start":{"line":6,"column":6},"end":{"line":6,"column":33}}},"fnMap":{"0":{"name":"formatter","decl":{"start":{"line":3,"column":24},"end":{"line":3,"column":33}},"loc":{"start":{"line":3,"column":48},"end":{"line":8,"column":1}},"line":3}},"branchMap":{"0":{"loc":{"start":{"line":4,"column":2},"end":{"line":7,"column":3}},"type":"switch","locations":[{"start":{"line":5,"column":4},"end":{"line":6,"column":33}}],"line":4}},"s":{"0":1,"1":1},"f":{"0":1},"b":{"0":[1]},"_coverageSchema":"1a1c01bbd47fc00a2c39e90264f33305004495a9","hash":"99f8e1e8e4f4ba99450833cf6530c7447aeb3156"}
,"/Users/daniil/Desktop/work/frontend-project-46/src/format/stylish.js": {"path":"/Users/daniil/Desktop/work/frontend-project-46/src/format/stylish.js","statementMap":{"0":{"start":{"line":3,"column":14},"end":{"line":3,"column":34}},"1":{"start":{"line":3,"column":21},"end":{"line":3,"column":34}},"2":{"start":{"line":5,"column":12},"end":{"line":20,"column":2}},"3":{"start":{"line":5,"column":29},"end":{"line":20,"column":2}},"4":{"start":{"line":6,"column":2},"end":{"line":19,"column":3}},"5":{"start":{"line":8,"column":6},"end":{"line":8,"column":57}},"6":{"start":{"line":10,"column":6},"end":{"line":10,"column":57}},"7":{"start":{"line":12,"column":6},"end":{"line":12,"column":57}},"8":{"start":{"line":14,"column":6},"end":{"line":14,"column":102}},"9":{"start":{"line":16,"column":19},"end":{"line":16,"column":45}},"10":{"start":{"line":17,"column":6},"end":{"line":17,"column":54}},"11":{"start":{"line":23,"column":14},"end":{"line":23,"column":23}},"12":{"start":{"line":24,"column":2},"end":{"line":24,"column":35}}},"fnMap":{"0":{"name":"(anonymous_0)","decl":{"start":{"line":3,"column":14},"end":{"line":3,"column":15}},"loc":{"start":{"line":3,"column":21},"end":{"line":3,"column":34}},"line":3},"1":{"name":"(anonymous_1)","decl":{"start":{"line":5,"column":12},"end":{"line":5,"column":13}},"loc":{"start":{"line":5,"column":29},"end":{"line":20,"column":2}},"line":5},"2":{"name":"(anonymous_2)","decl":{"start":{"line":5,"column":38},"end":{"line":5,"column":39}},"loc":{"start":{"line":5,"column":48},"end":{"line":20,"column":1}},"line":5},"3":{"name":"formatTree","decl":{"start":{"line":22,"column":9},"end":{"line":22,"column":19}},"loc":{"start":{"line":22,"column":26},"end":{"line":25,"column":1}},"line":22}},"branchMap":{"0":{"loc":{"start":{"line":5,"column":19},"end":{"line":5,"column":24}},"type":"default-arg","locations":[{"start":{"line":5,"column":23},"end":{"line":5,"column":24}}],"line":5},"1":{"loc":{"start":{"line":6,"column":2},"end":{"line":19,"column":3}},"type":"switch","locations":[{"start":{"line":7,"column":4},"end":{"line":8,"column":57}},{"start":{"line":9,"column":4},"end":{"line":10,"column":57}},{"start":{"line":11,"column":4},"end":{"line":12,"column":57}},{"start":{"line":13,"column":4},"end":{"line":14,"column":102}},{"start":{"line":15,"column":4},"end":{"line":18,"column":5}}],"line":6}},"s":{"0":1,"1":6,"2":1,"3":1,"4":5,"5":2,"6":1,"7":1,"8":1,"9":0,"10":0,"11":1,"12":1},"f":{"0":6,"1":1,"2":5,"3":1},"b":{"0":[1],"1":[2,1,1,1,0]},"_coverageSchema":"1a1c01bbd47fc00a2c39e90264f33305004495a9","hash":"0ed238daed41f006ac4bb93534828393787238fa"}
}
