TN:
SF:src/getTree.js
FN:3,getTree
FN:6,(anonymous_1)
FNF:2
FNH:2
FNDA:2,getTree
FNDA:10,(anonymous_1)
DA:4,2
DA:6,2
DA:7,10
DA:8,4
DA:14,6
DA:15,2
DA:21,4
DA:22,0
DA:28,4
DA:29,2
DA:36,2
DA:43,2
LF:12
LH:11
BRDA:7,0,0,4
BRDA:7,0,1,6
BRDA:14,1,0,2
BRDA:14,1,1,4
BRDA:21,2,0,0
BRDA:21,2,1,4
BRDA:21,3,0,4
BRDA:21,3,1,0
BRDA:28,4,0,2
BRDA:28,4,1,2
BRF:10
BRH:8
end_of_record
TN:
SF:src/index.js
FN:8,(anonymous_0)
FN:10,(anonymous_1)
FN:12,(anonymous_2)
FN:14,pars
FN:27,gendeff
FNF:5
FNH:5
FNDA:4,(anonymous_0)
FNDA:4,(anonymous_1)
FNDA:4,(anonymous_2)
FNDA:4,pars
FNDA:2,gendeff
DA:8,4
DA:10,4
DA:12,4
DA:15,4
DA:17,2
DA:19,2
DA:21,0
DA:23,0
DA:28,2
DA:29,2
DA:31,2
DA:32,2
DA:34,2
DA:35,2
DA:37,2
DA:42,2
LF:16
LH:14
BRDA:15,0,0,2
BRDA:15,0,1,2
BRDA:15,0,2,0
BRDA:15,0,3,0
BRDA:27,1,0,2
BRF:5
BRH:3
end_of_record
TN:
SF:src/format/formatMain.js
FN:3,formatter
FNF:1
FNH:1
FNDA:2,formatter
DA:4,2
DA:6,2
DA:8,0
LF:3
LH:2
BRDA:4,0,0,2
BRDA:4,0,1,0
BRF:2
BRH:1
end_of_record
TN:
SF:src/format/stylish.js
FN:1,(anonymous_0)
FN:3,(anonymous_1)
FN:3,(anonymous_2)
FN:22,formatTree
FNF:4
FNH:4
FNDA:12,(anonymous_0)
FNDA:2,(anonymous_1)
FNDA:10,(anonymous_2)
FNDA:2,formatTree
DA:1,12
DA:3,2
DA:4,10
DA:6,4
DA:8,2
DA:10,2
DA:12,2
DA:14,0
DA:15,0
DA:18,0
DA:23,2
DA:24,2
LF:12
LH:9
BRDA:3,0,0,0
BRDA:4,1,0,4
BRDA:4,1,1,2
BRDA:4,1,2,2
BRDA:4,1,3,2
BRDA:4,1,4,0
BRDA:4,1,5,0
BRF:7
BRH:4
end_of_record
